<?xml version="1.0" encoding="UTF-8"?>
<!-- Generated by org.testng.reporters.JUnitXMLReporter -->
<testsuite ignored="0" hostname="REM-LT-230201A" failures="2" tests="6" name="Surefire test" time="89.866" errors="0" timestamp="2023-04-20T12:52:36 CST">
  <testcase classname="tests.DemoTest" name="SubmitOrder" time="1.251">
    <failure type="java.lang.AssertionError" message="expected [Incorrect email or password.] but found [Incorrect email or password]">
      <![CDATA[java.lang.AssertionError: expected [Incorrect email or password.] but found [Incorrect email or password]
at tests.DemoTest.SubmitOrder(DemoTest.java:15)
at java.base/java.util.ArrayList.forEach(ArrayList.java:1511)
... Removed 38 stack frames]]>
    </failure>
  </testcase> <!-- SubmitOrder -->
  <testcase classname="tests.ErrorValidationsTest" name="LoginErrorValidation" time="0.707"/>
  <testcase classname="tests.ErrorValidationsTest" name="ProductErrorValidation" time="3.985"/>
  <testcase classname="tests.StandAloneTest" name="SubmitOrder" time="4.973"/>
  <testcase classname="tests.StandAloneTest" name="SubmitOrder" time="4.872"/>
  <testcase classname="tests.StandAloneTest" name="OrderHistoryTest" time="10.888">
    <failure type="java.lang.AssertionError" message="expected [true] but found [false]">
      <![CDATA[java.lang.AssertionError: expected [true] but found [false]
at tests.StandAloneTest.OrderHistoryTest(StandAloneTest.java:44)
at java.base/java.util.ArrayList.forEach(ArrayList.java:1511)
... Removed 36 stack frames]]>
    </failure>
  </testcase> <!-- OrderHistoryTest -->
</testsuite> <!-- Surefire test -->
