<?xml version="1.0" encoding="UTF-8"?>
<!-- Generated by org.testng.reporters.JUnitXMLReporter -->
<testsuite ignored="1" hostname="REM-LT-230201A" failures="0" tests="1" name="ErrorValidations" time="11.296" errors="0" timestamp="2023-04-18T14:33:40 CST">
  <testcase classname="tests.ErrorValidationsTest" name="LoginErrorValidation" time="1.174"/>
  <testcase classname="tests.ErrorValidationsTest" name="ProductErrorValidation" time="0.0">
    <ignored/>
  </testcase> <!-- ProductErrorValidation -->
</testsuite> <!-- ErrorValidations -->
