<?xml version="1.0" encoding="UTF-8"?>
<!-- Generated by org.testng.reporters.JUnitXMLReporter -->
<testsuite ignored="0" hostname="REM-LT-230201A" failures="0" tests="2" name="ErrorValidations" time="237.318" errors="0" timestamp="2023-04-19T16:52:43 CST">
  <testcase classname="tests.ErrorValidationsTest" name="LoginErrorValidation" time="0.767"/>
  <testcase classname="tests.ErrorValidationsTest" name="ProductErrorValidation" time="0.007">
    <skipped/>
  </testcase> <!-- ProductErrorValidation -->
</testsuite> <!-- ErrorValidations -->
