<?xml version="1.0" encoding="UTF-8"?>
<!-- Generated by org.testng.reporters.JUnitXMLReporter -->
<testsuite ignored="1" hostname="REM-LT-230201A" failures="0" tests="2" name="SubmitOrder" time="23.072" errors="0" timestamp="2023-04-18T18:40:16 CST">
  <testcase classname="tests.StandAloneTest" name="SubmitOrder" time="4.715"/>
  <testcase classname="tests.StandAloneTest" name="SubmitOrder" time="4.755"/>
  <testcase classname="tests.StandAloneTest" name="OrderHistoryTest" time="0.0">
    <ignored/>
  </testcase> <!-- OrderHistoryTest -->
</testsuite> <!-- SubmitOrder -->
